<?xml version="1.0" encoding="UTF-8"?>
<!-- Generated by org.testng.reporters.JUnitReportReporter -->
<testsuite hostname="LAPTOP-NVFF1C43" failures="0" tests="4" name="testng_basics.Basics_MultipleAnnotation" time="0.006" errors="0" timestamp="2022-11-09T12:27:40 IST" skipped="0">
  <testcase classname="testng_basics.Basics_MultipleAnnotation" name="gobi" time="0.001"/>
  <system-out/>
  <testcase classname="testng_basics.Basics_MultipleAnnotation" name="chats" time="0.004"/>
  <system-out/>
  <testcase classname="testng_basics.Basics_MultipleAnnotation" name="sports" time="0.000"/>
  <system-out/>
  <testcase classname="testng_basics.Basics_MultipleAnnotation" name="toys" time="0.001"/>
  <system-out/>
</testsuite> <!-- testng_basics.Basics_MultipleAnnotation -->
