<?xml version="1.0" encoding="UTF-8"?>
<!-- Generated by org.testng.reporters.JUnitReportReporter -->
<testsuite hostname="LAPTOP-NVFF1C43" failures="0" tests="1" name="testng_basics.Basics_group2" time="0.005" errors="0" timestamp="2022-11-10T16:17:56 IST" skipped="0">
  <testcase classname="testng_basics.Basics_group2" name="Logout" time="0.005"/>
  <system-out/>
</testsuite> <!-- testng_basics.Basics_group2 -->
