<?xml version="1.0" encoding="UTF-8"?>
<!-- Generated by org.testng.reporters.JUnitReportReporter -->
<testsuite hostname="LAPTOP-NVFF1C43" failures="0" tests="4" name="testng_basics.Helper_Attribute_Dependson" time="0.008" errors="0" timestamp="2022-11-10T11:12:51 IST" skipped="0">
  <testcase classname="testng_basics.Helper_Attribute_Dependson" name="Register" time="0.004"/>
  <system-out/>
  <testcase classname="testng_basics.Helper_Attribute_Dependson" name="Logout" time="0.001"/>
  <system-out/>
  <testcase classname="testng_basics.Helper_Attribute_Dependson" name="Search" time="0.002"/>
  <system-out/>
  <testcase classname="testng_basics.Helper_Attribute_Dependson" name="Login" time="0.001"/>
  <system-out/>
</testsuite> <!-- testng_basics.Helper_Attribute_Dependson -->
