<?xml version="1.0" encoding="UTF-8"?>
<!-- Generated by org.testng.reporters.JUnitReportReporter -->
<testsuite hostname="LAPTOP-NVFF1C43" failures="0" tests="1" name="testng_basics.Basics_" time="0.007" errors="0" timestamp="2022-11-08T12:46:33 IST" skipped="0">
  <testcase classname="testng_basics.Basics_" name="Demo" time="0.007"/>
  <system-out/>
</testsuite> <!-- testng_basics.Basics_ -->
