<?xml version="1.0" encoding="UTF-8"?>
<!-- Generated by org.testng.reporters.JUnitReportReporter -->
<testsuite hostname="LAPTOP-NVFF1C43" failures="0" tests="1" name="testcases.Adv_Search" time="1.200" errors="0" timestamp="2022-11-16T17:23:00 IST" skipped="0">
  <testcase classname="testcases.Adv_Search" name="AdvanceSearch" time="1.200"/>
  <system-out/>
</testsuite> <!-- testcases.Adv_Search -->
