<?xml version="1.0" encoding="UTF-8"?>
<!-- Generated by org.testng.reporters.JUnitReportReporter -->
<testsuite hostname="LAPTOP-NVFF1C43" failures="0" tests="2" name="testng_basics.Adv_Search" time="64.214" errors="0" timestamp="2022-11-14T11:13:28 IST" skipped="0">
  <testcase classname="testng_basics.Adv_Search" name="AdvanceSearch" time="47.087"/>
  <system-out/>
  <testcase classname="testng_basics.Adv_Search" name="MouseHover" time="17.127"/>
  <system-out/>
</testsuite> <!-- testng_basics.Adv_Search -->
