<?xml version="1.0" encoding="UTF-8"?>
<!-- Generated by org.testng.reporters.JUnitReportReporter -->
<testsuite hostname="LAPTOP-NVFF1C43" failures="0" tests="1" name="testng_basics.Parameter_Basics" time="18.537" errors="0" timestamp="2022-11-11T13:28:39 IST" skipped="0">
  <testcase classname="testng_basics.Parameter_Basics" name="Demo1" time="18.537"/>
  <system-out/>
</testsuite> <!-- testng_basics.Parameter_Basics -->
