<?xml version="1.0" encoding="UTF-8"?>
<!-- Generated by org.testng.reporters.JUnitReportReporter -->
<testsuite hostname="LAPTOP-NVFF1C43" failures="0" tests="1" name="testng_basics.Basics_property" time="0.005" errors="0" timestamp="2022-11-15T13:07:04 IST" skipped="0">
  <testcase classname="testng_basics.Basics_property" name="propertydemo" time="0.005"/>
  <system-out/>
</testsuite> <!-- testng_basics.Basics_property -->
