<?xml version="1.0" encoding="UTF-8"?>
<!-- Generated by org.testng.reporters.JUnitReportReporter -->
<testsuite hostname="LAPTOP-NVFF1C43" failures="0" tests="5" name="testng_basics.Reg_Dimen" time="238.486" errors="0" timestamp="2022-11-11T17:58:52 IST" skipped="0">
  <testcase classname="testng_basics.Reg_Dimen" name="register" time="33.893"/>
  <system-out/>
  <testcase classname="testng_basics.Reg_Dimen" name="register" time="51.285"/>
  <system-out/>
  <testcase classname="testng_basics.Reg_Dimen" name="register" time="59.087"/>
  <system-out/>
  <testcase classname="testng_basics.Reg_Dimen" name="register" time="63.915"/>
  <system-out/>
  <testcase classname="testng_basics.Reg_Dimen" name="register" time="30.306"/>
  <system-out/>
</testsuite> <!-- testng_basics.Reg_Dimen -->
