<?xml version="1.0" encoding="UTF-8"?>
<!-- Generated by org.testng.reporters.JUnitReportReporter -->
<testsuite hostname="LAPTOP-NVFF1C43" failures="0" tests="1" name="testcases.Tc1" time="5.645" errors="0" timestamp="2022-11-20T13:14:29 IST" skipped="0">
  <testcase classname="testcases.Tc1" name="Demo" time="5.645"/>
  <system-out/>
</testsuite> <!-- testcases.Tc1 -->
