<?xml version="1.0" encoding="UTF-8"?>
<!-- Generated by org.testng.reporters.JUnitReportReporter -->
<testsuite hostname="LAPTOP-NVFF1C43" failures="0" tests="2" name="testng_basics.Configure_Annotation" time="0.004" errors="0" timestamp="2022-11-09T13:00:00 IST" skipped="0">
  <testcase classname="testng_basics.Configure_Annotation" name="chats" time="0.004"/>
  <system-out/>
  <testcase classname="testng_basics.Configure_Annotation" name="gobi" time="0.000"/>
  <system-out/>
</testsuite> <!-- testng_basics.Configure_Annotation -->
