<?xml version="1.0" encoding="UTF-8"?>
<!-- Generated by org.testng.reporters.JUnitReportReporter -->
<testsuite hostname="LAPTOP-NVFF1C43" failures="0" tests="1" name="snapchat.Snap" time="0.079" errors="0" timestamp="2022-11-17T10:03:02 IST" skipped="0">
  <testcase classname="snapchat.Snap" name="login" time="0.079"/>
  <system-out/>
</testsuite> <!-- snapchat.Snap -->
