<?xml version="1.0" encoding="UTF-8"?>
<!-- Generated by org.testng.reporters.JUnitReportReporter -->
<testsuite hostname="LAPTOP-NVFF1C43" failures="0" tests="2" name="testng_basics.Priority" time="0.006" errors="0" timestamp="2022-11-10T12:39:44 IST" skipped="0">
  <testcase classname="testng_basics.Priority" name="Search" time="0.005"/>
  <system-out/>
  <testcase classname="testng_basics.Priority" name="Logout" time="0.001"/>
  <system-out/>
</testsuite> <!-- testng_basics.Priority -->
