<?xml version="1.0" encoding="UTF-8"?>
<!-- Generated by org.testng.reporters.JUnitReportReporter -->
<testsuite hostname="LAPTOP-NVFF1C43" failures="0" tests="1" name="testng_basics.Paralle_exec2" time="80.480" errors="0" timestamp="2022-11-11T12:24:56 IST" skipped="0">
  <testcase classname="testng_basics.Paralle_exec2" name="Demo1" time="80.480"/>
  <system-out/>
</testsuite> <!-- testng_basics.Paralle_exec2 -->
