<?xml version="1.0" encoding="UTF-8"?>
<!-- Generated by org.testng.reporters.JUnitReportReporter -->
<testsuite hostname="LAPTOP-NVFF1C43" failures="0" tests="1" name="testng_basics.BAsic_Utility" time="8.053" errors="0" timestamp="2022-11-14T16:00:03 IST" skipped="0">
  <testcase classname="testng_basics.BAsic_Utility" name="Demo" time="8.053"/>
  <system-out/>
</testsuite> <!-- testng_basics.BAsic_Utility -->
