<?xml version="1.0" encoding="UTF-8"?>
<!-- Generated by org.testng.reporters.JUnitReportReporter -->
<testsuite hostname="LAPTOP-NVFF1C43" failures="0" tests="2" name="testng_basics.Basics_group1" time="0.002" errors="0" timestamp="2022-11-10T16:17:56 IST" skipped="0">
  <testcase classname="testng_basics.Basics_group1" name="AdvSearch" time="0.001"/>
  <system-out/>
  <testcase classname="testng_basics.Basics_group1" name="Search" time="0.001"/>
  <system-out/>
</testsuite> <!-- testng_basics.Basics_group1 -->
