<?xml version="1.0" encoding="UTF-8"?>
<!-- Generated by org.testng.reporters.JUnitReportReporter -->
<testsuite hostname="LAPTOP-NVFF1C43" failures="0" tests="1" name="testcases.Tc3" time="0.873" errors="0" timestamp="2022-11-16T16:25:48 IST" skipped="0">
  <testcase classname="testcases.Tc3" name="Demo" time="0.873"/>
  <system-out/>
</testsuite> <!-- testcases.Tc3 -->
