<?xml version="1.0" encoding="UTF-8"?>
<!-- Generated by org.testng.reporters.JUnitReportReporter -->
<testsuite hostname="LAPTOP-NVFF1C43" failures="0" tests="1" name="testng_basics.Parallel_2" time="64.719" errors="0" timestamp="2022-11-11T12:10:58 IST" skipped="0">
  <testcase classname="testng_basics.Parallel_2" name="Demo1" time="64.719"/>
  <system-out/>
</testsuite> <!-- testng_basics.Parallel_2 -->
