<?xml version="1.0" encoding="UTF-8"?>
<!-- Generated by org.testng.reporters.JUnitReportReporter -->
<testsuite hostname="LAPTOP-NVFF1C43" failures="0" tests="1" name="testng_basics.Parallel_exec1" time="88.471" errors="0" timestamp="2022-11-11T12:24:56 IST" skipped="0">
  <testcase classname="testng_basics.Parallel_exec1" name="Demo1" time="88.471"/>
  <system-out/>
</testsuite> <!-- testng_basics.Parallel_exec1 -->
