<?xml version="1.0" encoding="UTF-8"?>
<!-- Generated by org.testng.reporters.JUnitReportReporter -->
<testsuite hostname="LAPTOP-NVFF1C43" failures="0" tests="1" name="pom_Testcases.DWS_Searchpage_test" time="0.396" errors="0" timestamp="2022-11-21T18:05:45 IST" skipped="0">
  <testcase classname="pom_Testcases.DWS_Searchpage_test" name="TC03" time="0.396"/>
  <system-out/>
</testsuite> <!-- pom_Testcases.DWS_Searchpage_test -->
