<?xml version="1.0" encoding="UTF-8"?>
<!-- Generated by org.testng.reporters.JUnitReportReporter -->
<testsuite hostname="LAPTOP-NVFF1C43" failures="0" tests="1" name="testng_basics.Search" time="67.711" errors="0" timestamp="2022-11-14T10:19:39 IST" skipped="0">
  <testcase classname="testng_basics.Search" name="searchdemo" time="67.711"/>
  <system-out/>
</testsuite> <!-- testng_basics.Search -->
