<?xml version="1.0" encoding="UTF-8"?>
<!-- Generated by org.testng.reporters.JUnitReportReporter -->
<testsuite hostname="LAPTOP-NVFF1C43" failures="0" tests="1" name="testcases.Tc2" time="1.118" errors="0" timestamp="2022-11-16T17:21:50 IST" skipped="0">
  <testcase classname="testcases.Tc2" name="login" time="1.118"/>
  <system-out/>
</testsuite> <!-- testcases.Tc2 -->
