<?xml version="1.0" encoding="UTF-8"?>
<!-- Generated by org.testng.reporters.JUnitReportReporter -->
<testsuite hostname="LAPTOP-NVFF1C43" failures="0" tests="1" name="testng_basics.Basics_1" time="48.515" errors="0" timestamp="2022-11-08T12:59:48 IST" skipped="0">
  <testcase classname="testng_basics.Basics_1" name="Demo" time="48.515"/>
  <system-out/>
</testsuite> <!-- testng_basics.Basics_1 -->
