<?xml version="1.0" encoding="UTF-8"?>
<!-- Generated by org.testng.reporters.JUnitReportReporter -->
<testsuite hostname="LAPTOP-NVFF1C43" failures="0" tests="3" name="testng_basics.BAsics" time="0.008" errors="0" timestamp="2022-11-10T12:47:14 IST" skipped="0">
  <testcase classname="testng_basics.BAsics" name="Register" time="0.001"/>
  <system-out/>
  <testcase classname="testng_basics.BAsics" name="Search" time="0.001"/>
  <system-out/>
  <testcase classname="testng_basics.BAsics" name="Login" time="0.006"/>
  <system-out/>
</testsuite> <!-- testng_basics.BAsics -->
