<?xml version="1.0" encoding="UTF-8"?>
<!-- Generated by org.testng.reporters.JUnitReportReporter -->
<testsuite hostname="LAPTOP-NVFF1C43" failures="0" tests="1" name="testng_basics.Create" time="7.110" errors="0" timestamp="2022-11-15T11:39:39 IST" skipped="0">
  <testcase classname="testng_basics.Create" name="drop_down" time="7.110"/>
  <system-out/>
</testsuite> <!-- testng_basics.Create -->
