<?xml version="1.0" encoding="UTF-8"?>
<!-- Generated by org.testng.reporters.JUnitReportReporter -->
<testsuite hostname="LAPTOP-NVFF1C43" failures="0" tests="5" name="testng_basics.Basic_2Dimension" time="0.007" errors="0" timestamp="2022-11-11T15:56:22 IST" skipped="0">
  <testcase classname="testng_basics.Basic_2Dimension" name="testdatademo" time="0.000"/>
  <system-out/>
  <testcase classname="testng_basics.Basic_2Dimension" name="testdatademo" time="0.001"/>
  <system-out/>
  <testcase classname="testng_basics.Basic_2Dimension" name="testdatademo" time="0.000"/>
  <system-out/>
  <testcase classname="testng_basics.Basic_2Dimension" name="testdatademo" time="0.001"/>
  <system-out/>
  <testcase classname="testng_basics.Basic_2Dimension" name="testdatademo" time="0.005"/>
  <system-out/>
</testsuite> <!-- testng_basics.Basic_2Dimension -->
